0 info it worked if it ends with ok
1 verbose cli [ '/usr/local/bin/node',
1 verbose cli   '/usr/local/bin/npm',
1 verbose cli   'run-script',
1 verbose cli   'start' ]
2 info using npm@3.10.3
3 info using node@v6.4.0
4 verbose run-script [ 'prestart', 'start', 'poststart' ]
5 info lifecycle devisProject@~prestart: devisProject@
6 silly lifecycle devisProject@~prestart: no script for prestart, continuing
7 info lifecycle devisProject@~start: devisProject@
8 verbose lifecycle devisProject@~start: unsafe-perm in lifecycle true
9 verbose lifecycle devisProject@~start: PATH: /usr/local/lib/node_modules/npm/bin/node-gyp-bin:/Volumes/Is/devisTests/Bibliotheque/node_modules/.bin:/usr/local/bin:/Users/ismail/.yarn/bin:/usr/local/openssl/bin:/usr/local/bin:/usr/local/sbin:/usr/local/bin:/usr/local/sbin:/opt/local/bin:/opt/local/sbin:/opt/local/bin:/opt/local/sbin:/usr/local/bin:/usr/bin:/bin:/usr/sbin:/sbin:/Applications/Server.app/Contents/ServerRoot/usr/bin:/Applications/Server.app/Contents/ServerRoot/usr/sbin:/Users/ismail/.rvm/bin:/oracle/sqlcl/bi
10 verbose lifecycle devisProject@~start: CWD: /Volumes/Is/devisTests/Bibliotheque
11 silly lifecycle devisProject@~start: Args: [ '-c', 'node index.js' ]
12 silly lifecycle devisProject@~start: Returned: code: 1  signal: null
13 info lifecycle devisProject@~start: Failed to exec start script
14 verbose stack Error: devisProject@ start: `node index.js`
14 verbose stack Exit status 1
14 verbose stack     at EventEmitter.<anonymous> (/usr/local/lib/node_modules/npm/lib/utils/lifecycle.js:242:16)
14 verbose stack     at emitTwo (events.js:106:13)
14 verbose stack     at EventEmitter.emit (events.js:191:7)
14 verbose stack     at ChildProcess.<anonymous> (/usr/local/lib/node_modules/npm/lib/utils/spawn.js:40:14)
14 verbose stack     at emitTwo (events.js:106:13)
14 verbose stack     at ChildProcess.emit (events.js:191:7)
14 verbose stack     at maybeClose (internal/child_process.js:852:16)
14 verbose stack     at Process.ChildProcess._handle.onexit (internal/child_process.js:215:5)
15 verbose pkgid devisProject@
16 verbose cwd /Volumes/Is/devisTests/Bibliotheque
17 error Darwin 16.1.0
18 error argv "/usr/local/bin/node" "/usr/local/bin/npm" "run-script" "start"
19 error node v6.4.0
20 error npm  v3.10.3
21 error code ELIFECYCLE
22 error devisProject@ start: `node index.js`
22 error Exit status 1
23 error Failed at the devisProject@ start script 'node index.js'.
23 error Make sure you have the latest version of node.js and npm installed.
23 error If you do, this is most likely a problem with the devisProject package,
23 error not with npm itself.
23 error Tell the author that this fails on your system:
23 error     node index.js
23 error You can get information on how to open an issue for this project with:
23 error     npm bugs devisProject
23 error Or if that isn't available, you can get their info via:
23 error     npm owner ls devisProject
23 error There is likely additional logging output above.
24 verbose exit [ 1, true ]
